2021-05-22 13:57:22 [INFO] - Starting CryptostropheBotApplication using Java 1.8.0_292 on victor-chicu-Lenovo-Legion-5-15IMH05 with PID 8876 (/home/victor_chicu/IdeaProjects/cryptostrophe-bot/build/classes/java/main started by victor_chicu in /home/victor_chicu/IdeaProjects/cryptostrophe-bot)
2021-05-22 13:57:22 [INFO] - No active profile set, falling back to default profiles: default
2021-05-22 13:57:22 [INFO] - Bootstrapping Spring Data Reactive MongoDB repositories in DEFAULT mode.
2021-05-22 13:57:23 [INFO] - Finished Spring Data repository scanning in 10 ms. Found 0 Reactive MongoDB repository interfaces.
2021-05-22 13:57:23 [INFO] - Bootstrapping Spring Data MongoDB repositories in DEFAULT mode.
2021-05-22 13:57:23 [INFO] - Finished Spring Data repository scanning in 6 ms. Found 0 MongoDB repository interfaces.
2021-05-22 13:57:23 [INFO] - Tomcat initialized with port(s): 8080 (http)
2021-05-22 13:57:23 [INFO] - Initializing ProtocolHandler ["http-nio-8080"]
2021-05-22 13:57:23 [INFO] - Starting service [Tomcat]
2021-05-22 13:57:23 [INFO] - Starting Servlet engine: [Apache Tomcat/9.0.46]
2021-05-22 13:57:23 [INFO] - Initializing Spring embedded WebApplicationContext
2021-05-22 13:57:23 [INFO] - Root WebApplicationContext: initialization completed in 1037 ms
2021-05-22 13:57:23 [INFO] - Cluster created with settings {hosts=[localhost:27017], mode=SINGLE, requiredClusterType=UNKNOWN, serverSelectionTimeout='30000 ms'}
2021-05-22 13:57:23 [INFO] - Exception in monitor thread while connecting to server localhost:27017
com.mongodb.MongoSocketOpenException: Exception opening socket
	at com.mongodb.internal.connection.SocketStream.open(SocketStream.java:70)
	at com.mongodb.internal.connection.InternalStreamConnection.open(InternalStreamConnection.java:143)
	at com.mongodb.internal.connection.DefaultServerMonitor$ServerMonitorRunnable.lookupServerDescription(DefaultServerMonitor.java:188)
	at com.mongodb.internal.connection.DefaultServerMonitor$ServerMonitorRunnable.run(DefaultServerMonitor.java:144)
	at java.lang.Thread.run(Thread.java:748)
Caused by: java.net.ConnectException: Connection refused (Connection refused)
	at java.net.PlainSocketImpl.socketConnect(Native Method)
	at java.net.AbstractPlainSocketImpl.doConnect(AbstractPlainSocketImpl.java:350)
	at java.net.AbstractPlainSocketImpl.connectToAddress(AbstractPlainSocketImpl.java:206)
	at java.net.AbstractPlainSocketImpl.connect(AbstractPlainSocketImpl.java:188)
	at java.net.SocksSocketImpl.connect(SocksSocketImpl.java:392)
	at java.net.Socket.connect(Socket.java:607)
	at com.mongodb.internal.connection.SocketStreamHelper.initialize(SocketStreamHelper.java:107)
	at com.mongodb.internal.connection.SocketStream.initializeSocket(SocketStream.java:79)
	at com.mongodb.internal.connection.SocketStream.open(SocketStream.java:65)
	... 4 common frames omitted
2021-05-22 13:57:24 [INFO] - Cluster created with settings {hosts=[localhost:27017], mode=SINGLE, requiredClusterType=UNKNOWN, serverSelectionTimeout='30000 ms'}
2021-05-22 13:57:24 [INFO] - Exception in monitor thread while connecting to server localhost:27017
com.mongodb.MongoSocketOpenException: Exception opening socket
	at com.mongodb.internal.connection.AsynchronousSocketChannelStream$OpenCompletionHandler.failed(AsynchronousSocketChannelStream.java:124)
	at sun.nio.ch.Invoker.invokeUnchecked(Invoker.java:128)
	at sun.nio.ch.UnixAsynchronousSocketChannelImpl.finishConnect(UnixAsynchronousSocketChannelImpl.java:279)
	at sun.nio.ch.UnixAsynchronousSocketChannelImpl.finish(UnixAsynchronousSocketChannelImpl.java:198)
	at sun.nio.ch.UnixAsynchronousSocketChannelImpl.onEvent(UnixAsynchronousSocketChannelImpl.java:213)
	at sun.nio.ch.EPollPort$EventHandlerTask.run(EPollPort.java:293)
	at sun.nio.ch.AsynchronousChannelGroupImpl$1.run(AsynchronousChannelGroupImpl.java:112)
	at java.util.concurrent.ThreadPoolExecutor.runWorker(ThreadPoolExecutor.java:1149)
	at java.util.concurrent.ThreadPoolExecutor$Worker.run(ThreadPoolExecutor.java:624)
	at java.lang.Thread.run(Thread.java:748)
Caused by: java.net.ConnectException: Connection refused
	at sun.nio.ch.UnixAsynchronousSocketChannelImpl.checkConnect(Native Method)
	at sun.nio.ch.UnixAsynchronousSocketChannelImpl.finishConnect(UnixAsynchronousSocketChannelImpl.java:252)
	... 7 common frames omitted
2021-05-22 13:57:24 [INFO] - Starting ProtocolHandler ["http-nio-8080"]
2021-05-22 13:57:24 [INFO] - Tomcat started on port(s): 8080 (http) with context path ''
2021-05-22 13:57:24 [INFO] - Started CryptostropheBotApplication in 1.921 seconds (JVM running for 2.279)
2021-05-22 13:57:24 [INFO] - Application availability state LivenessState changed to CORRECT
2021-05-22 13:57:24 [INFO] - Application availability state ReadinessState changed to ACCEPTING_TRAFFIC
2021-05-22 13:58:49 [INFO] - Starting CryptostropheBotApplication using Java 1.8.0_292 on victor-chicu-Lenovo-Legion-5-15IMH05 with PID 9121 (/home/victor_chicu/IdeaProjects/cryptostrophe-bot/build/classes/java/main started by victor_chicu in /home/victor_chicu/IdeaProjects/cryptostrophe-bot)
2021-05-22 13:58:49 [INFO] - No active profile set, falling back to default profiles: default
2021-05-22 13:58:50 [INFO] - Bootstrapping Spring Data Reactive MongoDB repositories in DEFAULT mode.
2021-05-22 13:58:50 [INFO] - Finished Spring Data repository scanning in 6 ms. Found 0 Reactive MongoDB repository interfaces.
2021-05-22 13:58:50 [INFO] - Bootstrapping Spring Data MongoDB repositories in DEFAULT mode.
2021-05-22 13:58:50 [INFO] - Finished Spring Data repository scanning in 2 ms. Found 0 MongoDB repository interfaces.
2021-05-22 13:58:50 [INFO] - Tomcat initialized with port(s): 8080 (http)
2021-05-22 13:58:50 [INFO] - Initializing ProtocolHandler ["http-nio-8080"]
2021-05-22 13:58:50 [INFO] - Starting service [Tomcat]
2021-05-22 13:58:50 [INFO] - Starting Servlet engine: [Apache Tomcat/9.0.46]
2021-05-22 13:58:50 [INFO] - Initializing Spring embedded WebApplicationContext
2021-05-22 13:58:50 [INFO] - Root WebApplicationContext: initialization completed in 597 ms
2021-05-22 13:58:50 [INFO] - Cluster created with settings {hosts=[localhost:27017], mode=SINGLE, requiredClusterType=UNKNOWN, serverSelectionTimeout='30000 ms'}
2021-05-22 13:58:50 [INFO] - Exception in monitor thread while connecting to server localhost:27017
com.mongodb.MongoSocketOpenException: Exception opening socket
	at com.mongodb.internal.connection.AsynchronousSocketChannelStream$OpenCompletionHandler.failed(AsynchronousSocketChannelStream.java:124)
	at sun.nio.ch.Invoker.invokeUnchecked(Invoker.java:128)
	at sun.nio.ch.UnixAsynchronousSocketChannelImpl.finishConnect(UnixAsynchronousSocketChannelImpl.java:279)
	at sun.nio.ch.UnixAsynchronousSocketChannelImpl.finish(UnixAsynchronousSocketChannelImpl.java:198)
	at sun.nio.ch.UnixAsynchronousSocketChannelImpl.onEvent(UnixAsynchronousSocketChannelImpl.java:213)
	at sun.nio.ch.EPollPort$EventHandlerTask.run(EPollPort.java:293)
	at sun.nio.ch.AsynchronousChannelGroupImpl$1.run(AsynchronousChannelGroupImpl.java:112)
	at java.util.concurrent.ThreadPoolExecutor.runWorker(ThreadPoolExecutor.java:1149)
	at java.util.concurrent.ThreadPoolExecutor$Worker.run(ThreadPoolExecutor.java:624)
	at java.lang.Thread.run(Thread.java:748)
Caused by: java.net.ConnectException: Connection refused
	at sun.nio.ch.UnixAsynchronousSocketChannelImpl.checkConnect(Native Method)
	at sun.nio.ch.UnixAsynchronousSocketChannelImpl.finishConnect(UnixAsynchronousSocketChannelImpl.java:252)
	... 7 common frames omitted
2021-05-22 13:58:50 [INFO] - Starting ProtocolHandler ["http-nio-8080"]
2021-05-22 13:58:50 [INFO] - Tomcat started on port(s): 8080 (http) with context path ''
2021-05-22 13:58:50 [INFO] - Started CryptostropheBotApplication in 1.333 seconds (JVM running for 2.213)
2021-05-22 13:58:50 [INFO] - Application availability state LivenessState changed to CORRECT
2021-05-22 13:59:05 [INFO] - Starting CryptostropheBotApplication using Java 1.8.0_292 on victor-chicu-Lenovo-Legion-5-15IMH05 with PID 9253 (/home/victor_chicu/IdeaProjects/cryptostrophe-bot/build/classes/java/main started by victor_chicu in /home/victor_chicu/IdeaProjects/cryptostrophe-bot)
2021-05-22 13:59:05 [INFO] - No active profile set, falling back to default profiles: default
2021-05-22 13:59:06 [INFO] - Bootstrapping Spring Data Reactive MongoDB repositories in DEFAULT mode.
2021-05-22 13:59:06 [INFO] - Finished Spring Data repository scanning in 6 ms. Found 0 Reactive MongoDB repository interfaces.
2021-05-22 13:59:06 [INFO] - Bootstrapping Spring Data MongoDB repositories in DEFAULT mode.
2021-05-22 13:59:06 [INFO] - Finished Spring Data repository scanning in 2 ms. Found 0 MongoDB repository interfaces.
2021-05-22 13:59:06 [INFO] - Tomcat initialized with port(s): 8080 (http)
2021-05-22 13:59:06 [INFO] - Initializing ProtocolHandler ["http-nio-8080"]
2021-05-22 13:59:06 [INFO] - Starting service [Tomcat]
2021-05-22 13:59:06 [INFO] - Starting Servlet engine: [Apache Tomcat/9.0.46]
2021-05-22 13:59:06 [INFO] - Initializing Spring embedded WebApplicationContext
2021-05-22 13:59:06 [INFO] - Root WebApplicationContext: initialization completed in 588 ms
2021-05-22 13:59:06 [INFO] - Cluster created with settings {hosts=[localhost:27017], mode=SINGLE, requiredClusterType=UNKNOWN, serverSelectionTimeout='30000 ms'}
2021-05-22 13:59:06 [INFO] - Exception in monitor thread while connecting to server localhost:27017
com.mongodb.MongoSocketOpenException: Exception opening socket
	at com.mongodb.internal.connection.AsynchronousSocketChannelStream$OpenCompletionHandler.failed(AsynchronousSocketChannelStream.java:124)
	at sun.nio.ch.Invoker.invokeUnchecked(Invoker.java:128)
	at sun.nio.ch.UnixAsynchronousSocketChannelImpl.finishConnect(UnixAsynchronousSocketChannelImpl.java:279)
	at sun.nio.ch.UnixAsynchronousSocketChannelImpl.finish(UnixAsynchronousSocketChannelImpl.java:198)
	at sun.nio.ch.UnixAsynchronousSocketChannelImpl.onEvent(UnixAsynchronousSocketChannelImpl.java:213)
	at sun.nio.ch.EPollPort$EventHandlerTask.run(EPollPort.java:293)
	at sun.nio.ch.AsynchronousChannelGroupImpl$1.run(AsynchronousChannelGroupImpl.java:112)
	at java.util.concurrent.ThreadPoolExecutor.runWorker(ThreadPoolExecutor.java:1149)
	at java.util.concurrent.ThreadPoolExecutor$Worker.run(ThreadPoolExecutor.java:624)
	at java.lang.Thread.run(Thread.java:748)
Caused by: java.net.ConnectException: Connection refused
	at sun.nio.ch.UnixAsynchronousSocketChannelImpl.checkConnect(Native Method)
	at sun.nio.ch.UnixAsynchronousSocketChannelImpl.finishConnect(UnixAsynchronousSocketChannelImpl.java:252)
	... 7 common frames omitted
2021-05-22 13:59:06 [INFO] - Starting ProtocolHandler ["http-nio-8080"]
2021-05-22 13:59:06 [INFO] - Tomcat started on port(s): 8080 (http) with context path ''
2021-05-22 13:59:06 [INFO] - Started CryptostropheBotApplication in 1.369 seconds (JVM running for 1.845)
2021-05-22 13:59:06 [INFO] - Application availability state LivenessState changed to CORRECT
2021-05-22 14:02:04 [INFO] - Starting CryptostropheBotApplication using Java 1.8.0_292 on victor-chicu-Lenovo-Legion-5-15IMH05 with PID 9482 (/home/victor_chicu/IdeaProjects/cryptostrophe-bot/build/classes/java/main started by victor_chicu in /home/victor_chicu/IdeaProjects/cryptostrophe-bot)
2021-05-22 14:02:04 [INFO] - No active profile set, falling back to default profiles: default
2021-05-22 14:02:04 [INFO] - Bootstrapping Spring Data Reactive MongoDB repositories in DEFAULT mode.
2021-05-22 14:02:04 [INFO] - Finished Spring Data repository scanning in 6 ms. Found 0 Reactive MongoDB repository interfaces.
2021-05-22 14:02:04 [INFO] - Tomcat initialized with port(s): 8080 (http)
2021-05-22 14:02:04 [INFO] - Initializing ProtocolHandler ["http-nio-8080"]
2021-05-22 14:02:04 [INFO] - Starting service [Tomcat]
2021-05-22 14:02:04 [INFO] - Starting Servlet engine: [Apache Tomcat/9.0.46]
2021-05-22 14:02:04 [INFO] - Initializing Spring embedded WebApplicationContext
2021-05-22 14:02:04 [INFO] - Root WebApplicationContext: initialization completed in 554 ms
2021-05-22 14:02:05 [INFO] - Cluster created with settings {hosts=[localhost:27017], mode=SINGLE, requiredClusterType=UNKNOWN, serverSelectionTimeout='30000 ms'}
2021-05-22 14:02:05 [INFO] - Exception in monitor thread while connecting to server localhost:27017
com.mongodb.MongoSocketOpenException: Exception opening socket
	at com.mongodb.internal.connection.AsynchronousSocketChannelStream$OpenCompletionHandler.failed(AsynchronousSocketChannelStream.java:124)
	at sun.nio.ch.Invoker.invokeUnchecked(Invoker.java:128)
	at sun.nio.ch.UnixAsynchronousSocketChannelImpl.finishConnect(UnixAsynchronousSocketChannelImpl.java:279)
	at sun.nio.ch.UnixAsynchronousSocketChannelImpl.finish(UnixAsynchronousSocketChannelImpl.java:198)
	at sun.nio.ch.UnixAsynchronousSocketChannelImpl.onEvent(UnixAsynchronousSocketChannelImpl.java:213)
	at sun.nio.ch.EPollPort$EventHandlerTask.run(EPollPort.java:293)
	at sun.nio.ch.AsynchronousChannelGroupImpl$1.run(AsynchronousChannelGroupImpl.java:112)
	at java.util.concurrent.ThreadPoolExecutor.runWorker(ThreadPoolExecutor.java:1149)
	at java.util.concurrent.ThreadPoolExecutor$Worker.run(ThreadPoolExecutor.java:624)
	at java.lang.Thread.run(Thread.java:748)
Caused by: java.net.ConnectException: Connection refused
	at sun.nio.ch.UnixAsynchronousSocketChannelImpl.checkConnect(Native Method)
	at sun.nio.ch.UnixAsynchronousSocketChannelImpl.finishConnect(UnixAsynchronousSocketChannelImpl.java:252)
	... 7 common frames omitted
2021-05-22 14:02:05 [INFO] - Starting ProtocolHandler ["http-nio-8080"]
2021-05-22 14:02:05 [INFO] - Tomcat started on port(s): 8080 (http) with context path ''
2021-05-22 14:02:05 [INFO] - Started CryptostropheBotApplication in 1.248 seconds (JVM running for 1.703)
2021-05-22 14:02:05 [INFO] - Application availability state LivenessState changed to CORRECT
2021-05-22 14:02:23 [INFO] - Application availability state ReadinessState changed to ACCEPTING_TRAFFIC
2021-05-22 14:04:10 [INFO] - Starting CryptostropheBotApplication using Java 1.8.0_292 on victor-chicu-Lenovo-Legion-5-15IMH05 with PID 9977 (/home/victor_chicu/IdeaProjects/cryptostrophe-bot/build/classes/java/main started by victor_chicu in /home/victor_chicu/IdeaProjects/cryptostrophe-bot)
2021-05-22 14:04:10 [INFO] - No active profile set, falling back to default profiles: default
2021-05-22 14:04:10 [INFO] - Bootstrapping Spring Data Reactive MongoDB repositories in DEFAULT mode.
2021-05-22 14:04:10 [INFO] - Finished Spring Data repository scanning in 6 ms. Found 0 Reactive MongoDB repository interfaces.
2021-05-22 14:04:10 [INFO] - Tomcat initialized with port(s): 8080 (http)
2021-05-22 14:04:10 [INFO] - Initializing ProtocolHandler ["http-nio-8080"]
2021-05-22 14:04:10 [INFO] - Starting service [Tomcat]
2021-05-22 14:04:10 [INFO] - Starting Servlet engine: [Apache Tomcat/9.0.46]
2021-05-22 14:04:10 [INFO] - Initializing Spring embedded WebApplicationContext
2021-05-22 14:04:10 [INFO] - Root WebApplicationContext: initialization completed in 574 ms
2021-05-22 14:04:10 [INFO] - Cluster created with settings {hosts=[localhost:27017], mode=SINGLE, requiredClusterType=UNKNOWN, serverSelectionTimeout='30000 ms'}
2021-05-22 14:04:10 [INFO] - Exception in monitor thread while connecting to server localhost:27017
com.mongodb.MongoSocketOpenException: Exception opening socket
	at com.mongodb.internal.connection.AsynchronousSocketChannelStream$OpenCompletionHandler.failed(AsynchronousSocketChannelStream.java:124)
	at sun.nio.ch.Invoker.invokeUnchecked(Invoker.java:128)
	at sun.nio.ch.Invoker$2.run(Invoker.java:218)
	at sun.nio.ch.AsynchronousChannelGroupImpl$1.run(AsynchronousChannelGroupImpl.java:112)
	at java.util.concurrent.ThreadPoolExecutor.runWorker(ThreadPoolExecutor.java:1149)
	at java.util.concurrent.ThreadPoolExecutor$Worker.run(ThreadPoolExecutor.java:624)
	at java.lang.Thread.run(Thread.java:748)
Caused by: java.net.ConnectException: Connection refused
	at sun.nio.ch.UnixAsynchronousSocketChannelImpl.checkConnect(Native Method)
	at sun.nio.ch.UnixAsynchronousSocketChannelImpl.finishConnect(UnixAsynchronousSocketChannelImpl.java:252)
	at sun.nio.ch.UnixAsynchronousSocketChannelImpl.finish(UnixAsynchronousSocketChannelImpl.java:198)
	at sun.nio.ch.UnixAsynchronousSocketChannelImpl.onEvent(UnixAsynchronousSocketChannelImpl.java:213)
	at sun.nio.ch.EPollPort$EventHandlerTask.run(EPollPort.java:293)
	... 1 common frames omitted
2021-05-22 14:04:11 [INFO] - Starting ProtocolHandler ["http-nio-8080"]
2021-05-22 14:04:11 [INFO] - Tomcat started on port(s): 8080 (http) with context path ''
2021-05-22 14:04:11 [INFO] - Started CryptostropheBotApplication in 1.289 seconds (JVM running for 1.744)
2021-05-22 14:04:11 [INFO] - Application availability state LivenessState changed to CORRECT
2021-05-22 14:04:35 [INFO] - Application availability state ReadinessState changed to ACCEPTING_TRAFFIC
